<?xml version="1.0" encoding="UTF-8"?>
<!-- Generated by org.testng.reporters.JUnitXMLReporter -->
<testsuite hostname="LAPTOP-FJGSJ5SK" ignored="1" name="Default test" tests="1" failures="0" timestamp="2023-02-21T12:05:28 IST" time="7.419" errors="0">
  <testcase name="invalidLoginTest_EmptyUserEmptyPassword" time="1.296" classname="tests.LoginTests"/>
  <testcase name="validLoginTest" time="0.0" classname="tests.LoginTests">
    <ignored/>
  </testcase> <!-- validLoginTest -->
</testsuite> <!-- Default test -->
