<?xml version="1.0" encoding="UTF-8"?>
<testng-results skipped="0" failed="0" ignored="1" total="2" passed="1">
  <reporter-output>
  </reporter-output>
  <suite name="Default suite" duration-ms="7419" started-at="2023-02-21T12:05:20 IST" finished-at="2023-02-21T12:05:27 IST">
    <groups>
    </groups>
    <test name="Default test" duration-ms="7419" started-at="2023-02-21T12:05:20 IST" finished-at="2023-02-21T12:05:27 IST">
      <class name="tests.LoginTests">
        <test-method status="PASS" signature="Reportsetup()[pri:0, instance:tests.LoginTests@711f39f9]" name="Reportsetup" is-config="true" duration-ms="122" started-at="2023-02-21T12:05:20 IST" finished-at="2023-02-21T12:05:20 IST">
          <reporter-output>
          </reporter-output>
        </test-method> <!-- Reportsetup -->
        <test-method status="PASS" signature="launchApp()[pri:0, instance:tests.LoginTests@711f39f9]" name="launchApp" is-config="true" duration-ms="4786" started-at="2023-02-21T12:05:20 IST" finished-at="2023-02-21T12:05:25 IST">
          <reporter-output>
          </reporter-output>
        </test-method> <!-- launchApp -->
        <test-method status="PASS" signature="invalidLoginTest_EmptyUserEmptyPassword()[pri:1, instance:tests.LoginTests@711f39f9]" name="invalidLoginTest_EmptyUserEmptyPassword" duration-ms="1296" started-at="2023-02-21T12:05:25 IST" description="Invalid Login Scenario with invalid username and password." finished-at="2023-02-21T12:05:26 IST">
          <reporter-output>
          </reporter-output>
        </test-method> <!-- invalidLoginTest_EmptyUserEmptyPassword -->
        <test-method status="PASS" signature="getReport(org.testng.ITestResult)[pri:0, instance:tests.LoginTests@711f39f9]" name="getReport" is-config="true" duration-ms="677" started-at="2023-02-21T12:05:26 IST" finished-at="2023-02-21T12:05:27 IST">
          <params>
            <param index="0">
              <value>
                <![CDATA[[TestResult name=invalidLoginTest_EmptyUserEmptyPassword status=SUCCESS method=LoginTests.invalidLoginTest_EmptyUserEmptyPassword()[pri:1, instance:tests.LoginTests@711f39f9] output={null}]]]>
              </value>
            </param>
          </params>
          <reporter-output>
          </reporter-output>
        </test-method> <!-- getReport -->
        <test-method status="PASS" signature="endTest()[pri:0, instance:tests.LoginTests@711f39f9]" name="endTest" is-config="true" duration-ms="465" started-at="2023-02-21T12:05:27 IST" finished-at="2023-02-21T12:05:27 IST">
          <reporter-output>
          </reporter-output>
        </test-method> <!-- endTest -->
      </class> <!-- tests.LoginTests -->
    </test> <!-- Default test -->
  </suite> <!-- Default suite -->
</testng-results>
